npm warn Unknown project config "auto-install-peers". This will stop working in the next major version of npm.

> @sol/web@0.1.0 build
> next build

   ▲ Next.js 15.1.3

   Creating an optimized production build ...
 ✓ Compiled successfully
   Skipping validation of types
   Skipping linting
   Collecting page data ...
   Generating static pages (0/14) ...
   Generating static pages (3/14) 
   Generating static pages (6/14) 
   Generating static pages (10/14) 
 ✓ Generating static pages (14/14)
   Finalizing page optimization ...
   Collecting build traces ...

Route (app)                              Size     First Load JS
┌ ○ /                                    3.13 kB         129 kB
├ ○ /_not-found                          137 B           106 kB
├ ○ /dashboard                           6.7 kB          146 kB
├ ○ /items                               2.82 kB         117 kB
├ ○ /login                               5.69 kB         144 kB
├ ○ /negotiations                        1.07 kB         115 kB
├ ○ /quotations                          1.11 kB         115 kB
├ ○ /register                            4.38 kB         143 kB
├ ○ /reports                             1.05 kB         115 kB
├ ○ /search                              1.04 kB         115 kB
├ ○ /settings                            1.12 kB         115 kB
└ ○ /suppliers                           2.78 kB         117 kB
+ First Load JS shared by all            105 kB
  ├ chunks/855-e54dfaebc70b8b37.js       50.5 kB
  ├ chunks/87c73c54-d026976b5a21b61a.js  52.9 kB
  └ other shared chunks (total)          1.97 kB


○  (Static)  prerendered as static content

